<?xml version="1.0" encoding="utf-8"?>
<testsuites>
	<testsuite name="pytest" errors="1" failures="1" skipped="0" tests="8" time="42.377" timestamp="2024-01-07T18:50:09.552277" hostname="localhost">
		<testcase classname="long.way.to.test_puppet.TestPuppet" name="test_dog[small]" time="6.548">
            <error message="There is no small dog in the town"/>
        </testcase>
		<testcase classname="long.way.to.test_puppet.TestPuppet" name="test_cat[small]" time="0.646"/>
		<testcase classname="long.way.to.test_puppet.TestPuppet" name="test_dog[big]" time="3.299"/>
		<testcase classname="long.way.to.test_puppet.TestPuppet" name="test_dog[black]" time="3.644"/>
		<testcase classname="long.way.to.test_puppet.TestPuppet" name="test_cat[big]" time="3.876"/>
		<testcase classname="long.way.to.test_puppet.TestPuppet" name="test_dog[white]" time="16.736">
			<failure message="AssertionError: Locator expected to be visible">AssertionError!!!</failure>
		</testcase>
		<testcase classname="long.way.to.test_puppet.TestPuppet" name="test_cat[grey]" time="3.586"/>
		<testcase classname="long.way.to.test_puppet.TestPuppet" name="test_cat[black]" time="8.276"/>
	</testsuite>
</testsuites>